<?xml version="1.0" encoding="UTF-8"?>
<!-- Generated by org.testng.reporters.JUnitReportReporter -->
<testsuite hostname="DESKTOP-MVIO5TL" failures="0" tests="6" name="api.test.DatadrivenTest" time="12.258" errors="0" timestamp="2024-07-10T00:32:53 IST" skipped="0">
  <testcase classname="api.test.DatadrivenTest" name="testPostuser" time="2.664"/>
  <system-out/>
  <testcase classname="api.test.DatadrivenTest" name="testPostuser" time="1.720"/>
  <system-out/>
  <testcase classname="api.test.DatadrivenTest" name="testPostuser" time="3.492"/>
  <system-out/>
  <testcase classname="api.test.DatadrivenTest" name="testDeleteUserByName" time="1.167"/>
  <system-out/>
  <testcase classname="api.test.DatadrivenTest" name="testDeleteUserByName" time="1.365"/>
  <system-out/>
  <testcase classname="api.test.DatadrivenTest" name="testDeleteUserByName" time="1.850"/>
  <system-out/>
</testsuite> <!-- api.test.DatadrivenTest -->
