<?xml version="1.0" encoding="UTF-8"?>
<!-- Generated by org.testng.reporters.JUnitReportReporter -->
<testsuite hostname="DESKTOP-MVIO5TL" failures="0" tests="4" name="api.test.UserTests" time="8.237" errors="0" timestamp="2024-07-11T22:12:19 IST" skipped="0">
  <testcase classname="api.test.UserTests" name="testPostuser" time="3.407"/>
  <system-out/>
  <testcase classname="api.test.UserTests" name="testgettuser" time="1.213"/>
  <system-out/>
  <testcase classname="api.test.UserTests" name="testupdatetuser" time="2.484"/>
  <system-out/>
  <testcase classname="api.test.UserTests" name="testdeleteuser" time="1.133"/>
  <system-out/>
</testsuite> <!-- api.test.UserTests -->
