<?xml version="1.0" encoding="UTF-8"?>
<!-- Generated by org.testng.reporters.JUnitReportReporter -->
<testsuite hostname="DESKTOP-MVIO5TL" failures="0" tests="4" name="api.test.UserTests2" time="7.923" errors="0" timestamp="2024-07-12T22:52:26 IST" skipped="0">
  <testcase classname="api.test.UserTests2" name="testPostuser" time="3.074"/>
  <system-out/>
  <testcase classname="api.test.UserTests2" name="testgettuser" time="1.222"/>
  <system-out/>
  <testcase classname="api.test.UserTests2" name="testupdatetuser" time="2.352"/>
  <system-out/>
  <testcase classname="api.test.UserTests2" name="testdeleteuser" time="1.275"/>
  <system-out/>
</testsuite> <!-- api.test.UserTests2 -->
