<?xml version="1.0" encoding="UTF-8"?>
<!-- Generated by org.testng.reporters.JUnitReportReporter -->
<testsuite hostname="DESKTOP-MVIO5TL" failures="0" tests="4" name="api.test.UserTests2" time="6.910" errors="0" timestamp="2024-07-13T11:42:27 IST" skipped="0">
  <testcase classname="api.test.UserTests2" name="testPostuser" time="2.444"/>
  <system-out/>
  <testcase classname="api.test.UserTests2" name="testgettuser" time="1.143"/>
  <system-out/>
  <testcase classname="api.test.UserTests2" name="testupdatetuser" time="2.207"/>
  <system-out/>
  <testcase classname="api.test.UserTests2" name="testdeleteuser" time="1.116"/>
  <system-out/>
</testsuite> <!-- api.test.UserTests2 -->
